[INFO] Scanning for projects...
[INFO] 
[INFO] -------------------------< com.mall:mall-api >--------------------------
[INFO] Building mall-api 1.0.0
[INFO]   from pom.xml
[INFO] --------------------------------[ jar ]---------------------------------
[INFO] 
[INFO] >>> spring-boot:3.3.0:run (default-cli) > test-compile @ mall-api >>>
[INFO] 
[INFO] --- resources:3.3.1:resources (default-resources) @ mall-api ---
[INFO] Copying 2 resources from src\main\resources to target\classes
[INFO] Copying 4 resources from src\main\resources to target\classes
[INFO] 
[INFO] --- compiler:3.13.0:compile (default-compile) @ mall-api ---
[INFO] Nothing to compile - all classes are up to date.
[INFO] 
[INFO] --- resources:3.3.1:testResources (default-testResources) @ mall-api ---
[INFO] skip non existing resourceDirectory C:\Users\Administrator\Videos\mall-system\apps\api\src\test\resources
[INFO] 
[INFO] --- compiler:3.13.0:testCompile (default-testCompile) @ mall-api ---
[INFO] No sources to compile
[INFO] 
[INFO] <<< spring-boot:3.3.0:run (default-cli) < test-compile @ mall-api <<<
[INFO] 
[INFO] 
[INFO] --- spring-boot:3.3.0:run (default-cli) @ mall-api ---
[INFO] Attaching agents: []
  .   ____          _            __ _ _
 /\\ / ___'_ __ _ _(_)_ __  __ _ \ \ \ \
( ( )\___ | '_ | '_| | '_ \/ _` | \ \ \ \
 \\/  ___)| |_)| | | | | || (_| |  ) ) ) )
  '  |____| .__|_| |_|_| |_\__, | / / / /
 =========|_|==============|___/=/_/_/_/

 :: Spring Boot ::                (v3.3.0)

2026-06-11T18:09:43.083-05:00  INFO 14048 --- [mall-api] [           main] com.mall.api.MallApiApplication          : Starting MallApiApplication using Java 21.0.9 with PID 14048 (C:\Users\Administrator\Videos\mall-system\apps\api\target\classes started by Administrator in C:\Users\Administrator\Videos\mall-system\apps\api)
2026-06-11T18:09:43.086-05:00  INFO 14048 --- [mall-api] [           main] com.mall.api.MallApiApplication          : No active profile set, falling back to 1 default profile: "default"
2026-06-11T18:09:44.489-05:00  INFO 14048 --- [mall-api] [           main] .s.d.r.c.RepositoryConfigurationDelegate : Multiple Spring Data modules found, entering strict repository configuration mode
2026-06-11T18:09:44.492-05:00  INFO 14048 --- [mall-api] [           main] .s.d.r.c.RepositoryConfigurationDelegate : Bootstrapping Spring Data Redis repositories in DEFAULT mode.
2026-06-11T18:09:44.549-05:00  INFO 14048 --- [mall-api] [           main] .s.d.r.c.RepositoryConfigurationDelegate : Finished Spring Data repository scanning in 36 ms. Found 0 Redis repository interfaces.
2026-06-11T18:09:45.905-05:00  INFO 14048 --- [mall-api] [           main] o.s.b.w.embedded.tomcat.TomcatWebServer  : Tomcat initialized with port 8080 (http)
2026-06-11T18:09:45.928-05:00  INFO 14048 --- [mall-api] [           main] o.apache.catalina.core.StandardService   : Starting service [Tomcat]
2026-06-11T18:09:45.928-05:00  INFO 14048 --- [mall-api] [           main] o.apache.catalina.core.StandardEngine    : Starting Servlet engine: [Apache Tomcat/10.1.24]
2026-06-11T18:09:46.042-05:00  INFO 14048 --- [mall-api] [           main] o.a.c.c.C.[Tomcat].[localhost].[/]       : Initializing Spring embedded WebApplicationContext
2026-06-11T18:09:46.044-05:00  INFO 14048 --- [mall-api] [           main] w.s.c.ServletWebServerApplicationContext : Root WebApplicationContext: initialization completed in 2896 ms
 _ _   |_  _ _|_. ___ _ |    _ 
| | |\/|_)(_| | |_\  |_)||_|_\ 
     /               |         
                        3.5.7 
2026-06-11T18:09:50.653-05:00  INFO 14048 --- [mall-api] [           main] o.s.b.w.embedded.tomcat.TomcatWebServer  : Tomcat started on port 8080 (http) with context path '/'
2026-06-11T18:09:50.656-05:00  INFO 14048 --- [mall-api] [           main] o.s.m.s.b.SimpleBrokerMessageHandler     : Starting...
2026-06-11T18:09:50.657-05:00  INFO 14048 --- [mall-api] [           main] o.s.m.s.b.SimpleBrokerMessageHandler     : BrokerAvailabilityEvent[available=true, SimpleBrokerMessageHandler [org.springframework.messaging.simp.broker.DefaultSubscriptionRegistry@530df3ab]]
2026-06-11T18:09:50.658-05:00  INFO 14048 --- [mall-api] [           main] o.s.m.s.b.SimpleBrokerMessageHandler     : Started.
2026-06-11T18:09:50.669-05:00  INFO 14048 --- [mall-api] [           main] com.mall.api.MallApiApplication          : Started MallApiApplication in 8.162 seconds (process running for 8.643)
2026-06-11T18:09:50.674-05:00  INFO 14048 --- [mall-api] [           main] c.m.a.c.initializer.DataInitializer      : Checking data initialization...
2026-06-11T18:09:50.679-05:00  INFO 14048 --- [mall-api] [           main] com.zaxxer.hikari.HikariDataSource       : HikariPool-1 - Starting...
2026-06-11T18:09:50.834-05:00  INFO 14048 --- [mall-api] [nio-8080-exec-1] o.a.c.c.C.[Tomcat].[localhost].[/]       : Initializing Spring DispatcherServlet 'dispatcherServlet'
2026-06-11T18:09:50.834-05:00  INFO 14048 --- [mall-api] [nio-8080-exec-1] o.s.web.servlet.DispatcherServlet        : Initializing Servlet 'dispatcherServlet'
2026-06-11T18:09:50.836-05:00  INFO 14048 --- [mall-api] [nio-8080-exec-1] o.s.web.servlet.DispatcherServlet        : Completed initialization in 2 ms
2026-06-11T18:09:51.023-05:00  INFO 14048 --- [mall-api] [           main] com.zaxxer.hikari.pool.HikariPool        : HikariPool-1 - Added connection org.postgresql.jdbc.PgConnection@ab94a32
2026-06-11T18:09:51.025-05:00  INFO 14048 --- [mall-api] [           main] com.zaxxer.hikari.HikariDataSource       : HikariPool-1 - Start completed.
2026-06-11T18:09:52.015-05:00  WARN 14048 --- [mall-api] [           main] c.m.a.c.initializer.DataInitializer      : initTranslations failed: 
### Error updating database.  Cause: org.postgresql.util.PSQLException: 错误: 重复键违反唯一约束"i18n_translation_pkey"
  详细：键值"(id)=(1358)" 已经存在
### The error may exist in com/mall/api/modules/i18n/mapper/I18nTranslationMapper.java (best guess)
### The error may involve com.mall.api.modules.i18n.mapper.I18nTranslationMapper.insert-Inline
### The error occurred while setting parameters
### SQL: INSERT INTO i18n_translation  ( id, namespace_code, translation_key, language_code,  text_value, description, status, deleted, created_at, updated_at )  VALUES (  ?, ?, ?, ?,  ?, ?, ?, ?, ?, ?  )
### Cause: org.postgresql.util.PSQLException: 错误: 重复键违反唯一约束"i18n_translation_pkey"
  详细：键值"(id)=(1358)" 已经存在
; 错误: 重复键违反唯一约束"i18n_translation_pkey"
  详细：键值"(id)=(1358)" 已经存在
2026-06-11T18:09:52.523-05:00  INFO 14048 --- [mall-api] [           main] c.m.a.c.initializer.DataInitializer      : Data initialization check completed.
2026-06-11T18:10:50.623-05:00  INFO 14048 --- [mall-api] [MessageBroker-1] o.s.w.s.c.WebSocketMessageBrokerStats    : WebSocketSession[0 current WS(0)-HttpStream(0)-HttpPoll(0), 0 total, 0 closed abnormally (0 connect failure, 0 send limit, 0 transport error)], stompSubProtocol[processed CONNECT(0)-CONNECTED(0)-DISCONNECT(0)], stompBrokerRelay[null], inboundChannel[pool size = 0, active threads = 0, queued tasks = 0, completed tasks = 0], outboundChannel[pool size = 0, active threads = 0, queued tasks = 0, completed tasks = 0], sockJsScheduler[pool size = 1, active threads = 1, queued tasks = 0, completed tasks = 0]
2026-06-11T18:10:51.908-05:00  WARN 14048 --- [mall-api] [io-8080-exec-10] c.m.a.c.e.GlobalExceptionHandler         : [AccessDenied] GET /api/admin/orders
2026-06-11T18:40:50.637-05:00  INFO 14048 --- [mall-api] [MessageBroker-1] o.s.w.s.c.WebSocketMessageBrokerStats    : WebSocketSession[0 current WS(0)-HttpStream(0)-HttpPoll(0), 0 total, 0 closed abnormally (0 connect failure, 0 send limit, 0 transport error)], stompSubProtocol[processed CONNECT(0)-CONNECTED(0)-DISCONNECT(0)], stompBrokerRelay[null], inboundChannel[pool size = 0, active threads = 0, queued tasks = 0, completed tasks = 0], outboundChannel[pool size = 0, active threads = 0, queued tasks = 0, completed tasks = 0], sockJsScheduler[pool size = 2, active threads = 1, queued tasks = 0, completed tasks = 1]
2026-06-11T19:10:50.664-05:00  INFO 14048 --- [mall-api] [MessageBroker-2] o.s.w.s.c.WebSocketMessageBrokerStats    : WebSocketSession[0 current WS(0)-HttpStream(0)-HttpPoll(0), 0 total, 0 closed abnormally (0 connect failure, 0 send limit, 0 transport error)], stompSubProtocol[processed CONNECT(0)-CONNECTED(0)-DISCONNECT(0)], stompBrokerRelay[null], inboundChannel[pool size = 0, active threads = 0, queued tasks = 0, completed tasks = 0], outboundChannel[pool size = 0, active threads = 0, queued tasks = 0, completed tasks = 0], sockJsScheduler[pool size = 3, active threads = 1, queued tasks = 0, completed tasks = 2]
2026-06-11T19:40:50.678-05:00  INFO 14048 --- [mall-api] [MessageBroker-1] o.s.w.s.c.WebSocketMessageBrokerStats    : WebSocketSession[0 current WS(0)-HttpStream(0)-HttpPoll(0), 0 total, 0 closed abnormally (0 connect failure, 0 send limit, 0 transport error)], stompSubProtocol[processed CONNECT(0)-CONNECTED(0)-DISCONNECT(0)], stompBrokerRelay[null], inboundChannel[pool size = 0, active threads = 0, queued tasks = 0, completed tasks = 0], outboundChannel[pool size = 0, active threads = 0, queued tasks = 0, completed tasks = 0], sockJsScheduler[pool size = 4, active threads = 1, queued tasks = 0, completed tasks = 3]
2026-06-11T20:10:50.691-05:00  INFO 14048 --- [mall-api] [MessageBroker-1] o.s.w.s.c.WebSocketMessageBrokerStats    : WebSocketSession[0 current WS(0)-HttpStream(0)-HttpPoll(0), 0 total, 0 closed abnormally (0 connect failure, 0 send limit, 0 transport error)], stompSubProtocol[processed CONNECT(0)-CONNECTED(0)-DISCONNECT(0)], stompBrokerRelay[null], inboundChannel[pool size = 0, active threads = 0, queued tasks = 0, completed tasks = 0], outboundChannel[pool size = 0, active threads = 0, queued tasks = 0, completed tasks = 0], sockJsScheduler[pool size = 5, active threads = 1, queued tasks = 0, completed tasks = 4]
